<?xml version="1.0" encoding="UTF-8"?>
<testng-results skipped="0" failed="0" ignored="0" total="4" passed="4">
  <reporter-output>
  </reporter-output>
  <suite name="Default suite" duration-ms="28812" started-at="2018-07-14T14:34:45Z" finished-at="2018-07-14T14:35:14Z">
    <groups>
    </groups>
    <test name="Default test" duration-ms="28812" started-at="2018-07-14T14:34:45Z" finished-at="2018-07-14T14:35:14Z">
      <class name="API_Test">
        <test-method status="PASS" signature="GetAllCountryCodes()[pri:0, instance:API_Test@68c4039c]" name="GetAllCountryCodes" duration-ms="11875" started-at="2018-07-14T14:34:45Z" finished-at="2018-07-14T14:34:57Z">
          <reporter-output>
          </reporter-output>
        </test-method> <!-- GetAllCountryCodes -->
        <test-method status="PASS" signature="GetSingleCountryCode()[pri:0, instance:API_Test@68c4039c]" name="GetSingleCountryCode" duration-ms="9245" started-at="2018-07-14T14:34:57Z" finished-at="2018-07-14T14:35:06Z">
          <reporter-output>
          </reporter-output>
        </test-method> <!-- GetSingleCountryCode -->
        <test-method status="PASS" signature="RetrieveWrongCountryCode()[pri:0, instance:API_Test@68c4039c]" name="RetrieveWrongCountryCode" duration-ms="6417" started-at="2018-07-14T14:35:06Z" finished-at="2018-07-14T14:35:13Z">
          <reporter-output>
          </reporter-output>
        </test-method> <!-- RetrieveWrongCountryCode -->
        <test-method status="PASS" signature="createNewCountry()[pri:0, instance:API_Test@68c4039c]" name="createNewCountry" duration-ms="1226" started-at="2018-07-14T14:35:13Z" finished-at="2018-07-14T14:35:14Z">
          <reporter-output>
          </reporter-output>
        </test-method> <!-- createNewCountry -->
      </class> <!-- API_Test -->
    </test> <!-- Default test -->
  </suite> <!-- Default suite -->
</testng-results>
